Args in experiment:
Namespace(random_seed=2021, is_training=1, model_id='720_720', model='PatchTST', data='ETTm1', root_path='./dataset/', data_path='ETTm1.csv', features='M', target='OT', freq='h', checkpoints='./checkpoints/', seq_len=720, label_len=48, pred_len=720, fc_dropout=0.2, head_dropout=0.0, patch_len=16, stride=8, padding_patch='end', revin=1, affine=0, subtract_last=0, decomposition=0, kernel_size=25, individual=0, embed_type=0, enc_in=7, dec_in=7, c_out=7, d_model=128, n_heads=16, e_layers=3, d_layers=1, d_ff=256, moving_avg=25, factor=1, distil=True, dropout=0.2, embed='timeF', activation='gelu', output_attention=False, do_predict=False, num_workers=10, itr=1, train_epochs=30, batch_size=128, patience=5, learning_rate=0.0001, des='Exp', loss='mse', lradj='TST', pct_start=0.4, use_amp=False, use_gpu=True, gpu=6, use_multi_gpu=False, devices='0,1,2,3', test_flop=False)
Use GPU: cuda:6
[INFO] Register count_linear() for <class 'torch.nn.modules.linear.Linear'>.
[INFO] Register zero_ops() for <class 'torch.nn.modules.dropout.Dropout'>.
[INFO] Register zero_ops() for <class 'torch.nn.modules.container.Sequential'>.
[INFO] Register count_normalization() for <class 'torch.nn.modules.batchnorm.BatchNorm1d'>.
MACs: 309012480.0
Params: 8694736.0
309.01M MACs
>>>>>>>start training : 720_720_PatchTST_ETTm1_ftM_sl720_ll48_pl720_dm128_nh16_el3_dl1_df256_fc1_ebtimeF_dtTrue_Exp_0>>>>>>>>>>>>>>>>>>>>>>>>>>
train 33121
val 10801
test 10801
	iters: 100, epoch: 1 | loss: 0.4895521
	speed: 0.1157s/iter; left time: 887.9032s
	iters: 200, epoch: 1 | loss: 0.4625314
	speed: 0.1096s/iter; left time: 829.9756s
Epoch: 1 cost time: 28.913889169692993
Epoch: 1, Steps: 259 | Train Loss: 0.5218652 Vali Loss: 0.9751413 Test Loss: 0.4574487
Validation loss decreased (inf --> 0.975141).  Saving model ...
Updating learning rate to 5.636607305433222e-06
	iters: 100, epoch: 2 | loss: 0.4479581
	speed: 0.3251s/iter; left time: 2410.0006s
	iters: 200, epoch: 2 | loss: 0.4519144
	speed: 0.1071s/iter; left time: 783.3876s
Epoch: 2 cost time: 28.565703868865967
Epoch: 2, Steps: 259 | Train Loss: 0.4390692 Vali Loss: 0.9343961 Test Loss: 0.4304775
Validation loss decreased (0.975141 --> 0.934396).  Saving model ...
Updating learning rate to 1.0434825743724701e-05
	iters: 100, epoch: 3 | loss: 0.4104966
	speed: 0.3183s/iter; left time: 2276.4648s
	iters: 200, epoch: 3 | loss: 0.4174551
	speed: 0.1121s/iter; left time: 790.8334s
Epoch: 3 cost time: 29.67078709602356
Epoch: 3, Steps: 259 | Train Loss: 0.4154989 Vali Loss: 0.9314318 Test Loss: 0.4211043
Validation loss decreased (0.934396 --> 0.931432).  Saving model ...
Updating learning rate to 1.8067455341992235e-05
	iters: 100, epoch: 4 | loss: 0.3988505
	speed: 0.3376s/iter; left time: 2327.3011s
	iters: 200, epoch: 4 | loss: 0.4226833
	speed: 0.1077s/iter; left time: 731.5287s
Epoch: 4 cost time: 29.044825315475464
Epoch: 4, Steps: 259 | Train Loss: 0.4071292 Vali Loss: 0.9329113 Test Loss: 0.4157315
EarlyStopping counter: 1 out of 5
Updating learning rate to 2.801401204356121e-05
	iters: 100, epoch: 5 | loss: 0.3841989
	speed: 0.3344s/iter; left time: 2218.4139s
	iters: 200, epoch: 5 | loss: 0.3948614
	speed: 0.1105s/iter; left time: 722.3639s
Epoch: 5 cost time: 29.453474521636963
Epoch: 5, Steps: 259 | Train Loss: 0.3994189 Vali Loss: 0.9590673 Test Loss: 0.4090809
EarlyStopping counter: 2 out of 5
Updating learning rate to 3.959622054169441e-05
	iters: 100, epoch: 6 | loss: 0.3813696
	speed: 0.3432s/iter; left time: 2188.2024s
	iters: 200, epoch: 6 | loss: 0.3653232
	speed: 0.1097s/iter; left time: 688.5176s
Epoch: 6 cost time: 30.09818458557129
Epoch: 6, Steps: 259 | Train Loss: 0.3926939 Vali Loss: 0.9663914 Test Loss: 0.4124122
EarlyStopping counter: 3 out of 5
Updating learning rate to 5.20242672096795e-05
	iters: 100, epoch: 7 | loss: 0.4071422
	speed: 0.3382s/iter; left time: 2068.9125s
	iters: 200, epoch: 7 | loss: 0.3772075
	speed: 0.1077s/iter; left time: 647.9685s
Epoch: 7 cost time: 29.03471541404724
Epoch: 7, Steps: 259 | Train Loss: 0.3857386 Vali Loss: 0.9868025 Test Loss: 0.4058027
EarlyStopping counter: 4 out of 5
Updating learning rate to 6.445065904880446e-05
	iters: 100, epoch: 8 | loss: 0.3789845
	speed: 0.3310s/iter; left time: 1938.8642s
	iters: 200, epoch: 8 | loss: 0.4073458
	speed: 0.1136s/iter; left time: 653.9995s
Epoch: 8 cost time: 30.3927001953125
Epoch: 8, Steps: 259 | Train Loss: 0.3776604 Vali Loss: 0.9976565 Test Loss: 0.4231413
EarlyStopping counter: 5 out of 5
Early stopping
>>>>>>>testing : 720_720_PatchTST_ETTm1_ftM_sl720_ll48_pl720_dm128_nh16_el3_dl1_df256_fc1_ebtimeF_dtTrue_Exp_0<<<<<<<<<<<<<<<<<<<<<<<<<<<<<<<<<
test 10801
mse:0.41986083984375, mae:0.4209056794643402, rse:0.6164863109588623
