Args in experiment:
Namespace(is_training=1, model_id='ETTh1_720_720', model='LightTimeBaseTST', data='ETTh1', root_path='./dataset/', data_path='ETTh1.csv', features='M', target='OT', freq='h', checkpoints='./checkpoints/', seq_len=720, label_len=48, pred_len=720, period_len=24, basis_num=6, use_period_norm=1, use_orthogonal=1, orthogonal_weight=0.12, fc_dropout=0.05, head_dropout=0.0, patch_len=16, stride=8, padding_patch='end', revin=1, affine=0, subtract_last=0, decomposition=0, kernel_size=7, individual=0, embed_type=0, enc_in=7, dec_in=7, c_out=7, d_model=512, n_heads=8, e_layers=2, d_layers=1, d_ff=2048, moving_avg=25, factor=1, distil=True, dropout=0.05, embed='learned', activation='gelu', output_attention=False, do_predict=False, num_workers=10, itr=1, train_epochs=30, batch_size=64, patience=5, learning_rate=0.05, des='test', loss='mse', lradj='type3', pct_start=0.3, use_amp=False, use_gpu=True, gpu=1, use_multi_gpu=0, devices='0,1', test_flop=False)
Use GPU: cuda:1
396
[INFO] Register count_linear() for <class 'torch.nn.modules.linear.Linear'>.
MACs: 60480.0
Params: 396.0
60480.0 MACs
>>>>>>>start training : ETTh1_720_720_LightTimeBaseTST_ETTh1_ftM_sl720_pl720_test_0_seed2023>>>>>>>>>>>>>>>>>>>>>>>>>>
train 7201
val 2161
test 2161
	iters: 100, epoch: 1 | loss: 0.6297387
	speed: 0.0236s/iter; left time: 77.7645s
Max Memory (MB): 12.04833984375
Epoch: 1 cost time: 2.737739324569702
Epoch: 1, Steps: 113 | Train Loss: 0.6677577 Vali Loss: 1.5322050 Test Loss: 0.4836974
Validation loss decreased (inf --> 1.532205).  Saving model ...
Updating learning rate to 0.05
	iters: 100, epoch: 2 | loss: 0.5619811
	speed: 0.0533s/iter; left time: 169.3951s
Max Memory (MB): 12.9951171875
Epoch: 2 cost time: 2.6867589950561523
Epoch: 2, Steps: 113 | Train Loss: 0.5911851 Vali Loss: 1.4419605 Test Loss: 0.4629425
Validation loss decreased (1.532205 --> 1.441960).  Saving model ...
Updating learning rate to 0.05
	iters: 100, epoch: 3 | loss: 0.5762798
	speed: 0.0387s/iter; left time: 118.5956s
Max Memory (MB): 12.9951171875
Epoch: 3 cost time: 1.8229188919067383
Epoch: 3, Steps: 113 | Train Loss: 0.5702858 Vali Loss: 1.4297563 Test Loss: 0.4673596
Validation loss decreased (1.441960 --> 1.429756).  Saving model ...
Updating learning rate to 0.05
	iters: 100, epoch: 4 | loss: 0.6010017
	speed: 0.0380s/iter; left time: 112.3107s
Max Memory (MB): 12.9951171875
Epoch: 4 cost time: 1.9052841663360596
Epoch: 4, Steps: 113 | Train Loss: 0.5690236 Vali Loss: 1.4152631 Test Loss: 0.4405864
Validation loss decreased (1.429756 --> 1.415263).  Saving model ...
Updating learning rate to 0.04000000000000001
	iters: 100, epoch: 5 | loss: 0.5583238
	speed: 0.0373s/iter; left time: 105.8655s
Max Memory (MB): 12.9951171875
Epoch: 5 cost time: 1.8278696537017822
Epoch: 5, Steps: 113 | Train Loss: 0.5658955 Vali Loss: 1.4549772 Test Loss: 0.4656400
EarlyStopping counter: 1 out of 5
Updating learning rate to 0.03200000000000001
	iters: 100, epoch: 6 | loss: 0.5704054
	speed: 0.0531s/iter; left time: 144.7227s
Max Memory (MB): 12.9951171875
Epoch: 6 cost time: 2.8085765838623047
Epoch: 6, Steps: 113 | Train Loss: 0.5673028 Vali Loss: 1.4189627 Test Loss: 0.4733540
EarlyStopping counter: 2 out of 5
Updating learning rate to 0.025600000000000008
	iters: 100, epoch: 7 | loss: 0.5616061
	speed: 0.0448s/iter; left time: 116.9664s
Max Memory (MB): 12.9951171875
Epoch: 7 cost time: 1.8689446449279785
Epoch: 7, Steps: 113 | Train Loss: 0.5627280 Vali Loss: 1.4629972 Test Loss: 0.4692421
EarlyStopping counter: 3 out of 5
Updating learning rate to 0.020480000000000005
	iters: 100, epoch: 8 | loss: 0.5408931
	speed: 0.0379s/iter; left time: 94.7734s
Max Memory (MB): 12.9951171875
Epoch: 8 cost time: 1.93548583984375
Epoch: 8, Steps: 113 | Train Loss: 0.5620424 Vali Loss: 1.4610053 Test Loss: 0.4765175
EarlyStopping counter: 4 out of 5
Updating learning rate to 0.016384000000000006
	iters: 100, epoch: 9 | loss: 0.5722727
	speed: 0.0370s/iter; left time: 88.2506s
Max Memory (MB): 12.9951171875
Epoch: 9 cost time: 1.8147940635681152
Epoch: 9, Steps: 113 | Train Loss: 0.5608641 Vali Loss: 1.4276631 Test Loss: 0.4597374
EarlyStopping counter: 5 out of 5
Early stopping
Final Max Memory (MB): 12.9951171875
>>>>>>>testing : ETTh1_720_720_LightTimeBaseTST_ETTh1_ftM_sl720_pl720_test_0_seed2023<<<<<<<<<<<<<<<<<<<<<<<<<<<<<<<<<
test 2161
mse:0.43965408205986023, mae:0.4464273750782013, rse:0.6347570419311523
